{"/home/joao/gostack/appgobarber/src/components/Button/index.tsx": {"path":"/home/joao/gostack/appgobarber/src/components/Button/index.tsx","statementMap":{"0":{"start":{"line":10,"column":38},"end":{"line":14,"column":1}},"1":{"start":{"line":11,"column":2},"end":{"line":13,"column":14}}},"fnMap":{"0":{"name":"(anonymous_0)","decl":{"start":{"line":10,"column":38},"end":{"line":10,"column":39}},"loc":{"start":{"line":11,"column":2},"end":{"line":13,"column":14}},"line":11}},"branchMap":{},"s":{"0":1,"1":1},"f":{"0":1},"b":{},"_coverageSchema":"1a1c01bbd47fc00a2c39e90264f33305004495a9","hash":"3c71de3b66d28700e568d2118055a3207b037970"}
,"/home/joao/gostack/appgobarber/src/components/Input/index.tsx": {"path":"/home/joao/gostack/appgobarber/src/components/Input/index.tsx","statementMap":{"0":{"start":{"line":33,"column":68},"end":{"line":99,"column":1}},"1":{"start":{"line":37,"column":26},"end":{"line":37,"column":43}},"2":{"start":{"line":39,"column":65},"end":{"line":39,"column":79}},"3":{"start":{"line":40,"column":24},"end":{"line":40,"column":76}},"4":{"start":{"line":42,"column":36},"end":{"line":42,"column":51}},"5":{"start":{"line":43,"column":34},"end":{"line":43,"column":49}},"6":{"start":{"line":45,"column":27},"end":{"line":47,"column":8}},"7":{"start":{"line":46,"column":4},"end":{"line":46,"column":23}},"8":{"start":{"line":49,"column":26},"end":{"line":53,"column":8}},"9":{"start":{"line":50,"column":4},"end":{"line":50,"column":24}},"10":{"start":{"line":52,"column":4},"end":{"line":52,"column":47}},"11":{"start":{"line":55,"column":2},"end":{"line":59,"column":6}},"12":{"start":{"line":55,"column":34},"end":{"line":59,"column":3}},"13":{"start":{"line":57,"column":6},"end":{"line":57,"column":38}},"14":{"start":{"line":61,"column":2},"end":{"line":76,"column":33}},"15":{"start":{"line":62,"column":4},"end":{"line":75,"column":7}},"16":{"start":{"line":68,"column":8},"end":{"line":68,"column":44}},"17":{"start":{"line":69,"column":8},"end":{"line":69,"column":64}},"18":{"start":{"line":72,"column":8},"end":{"line":72,"column":41}},"19":{"start":{"line":73,"column":8},"end":{"line":73,"column":40}},"20":{"start":{"line":78,"column":2},"end":{"line":98,"column":4}},"21":{"start":{"line":93,"column":10},"end":{"line":93,"column":46}}},"fnMap":{"0":{"name":"(anonymous_0)","decl":{"start":{"line":33,"column":68},"end":{"line":33,"column":69}},"loc":{"start":{"line":36,"column":5},"end":{"line":99,"column":1}},"line":36},"1":{"name":"(anonymous_1)","decl":{"start":{"line":45,"column":39},"end":{"line":45,"column":40}},"loc":{"start":{"line":45,"column":45},"end":{"line":47,"column":3}},"line":45},"2":{"name":"(anonymous_2)","decl":{"start":{"line":49,"column":38},"end":{"line":49,"column":39}},"loc":{"start":{"line":49,"column":44},"end":{"line":53,"column":3}},"line":49},"3":{"name":"(anonymous_3)","decl":{"start":{"line":55,"column":27},"end":{"line":55,"column":28}},"loc":{"start":{"line":55,"column":34},"end":{"line":59,"column":3}},"line":55},"4":{"name":"(anonymous_4)","decl":{"start":{"line":56,"column":4},"end":{"line":56,"column":5}},"loc":{"start":{"line":56,"column":12},"end":{"line":58,"column":5}},"line":56},"5":{"name":"(anonymous_5)","decl":{"start":{"line":61,"column":12},"end":{"line":61,"column":13}},"loc":{"start":{"line":61,"column":18},"end":{"line":76,"column":3}},"line":61},"6":{"name":"(anonymous_6)","decl":{"start":{"line":67,"column":6},"end":{"line":67,"column":7}},"loc":{"start":{"line":67,"column":32},"end":{"line":70,"column":7}},"line":67},"7":{"name":"(anonymous_7)","decl":{"start":{"line":71,"column":6},"end":{"line":71,"column":7}},"loc":{"start":{"line":71,"column":19},"end":{"line":74,"column":7}},"line":71},"8":{"name":"(anonymous_8)","decl":{"start":{"line":92,"column":22},"end":{"line":92,"column":23}},"loc":{"start":{"line":92,"column":31},"end":{"line":94,"column":9}},"line":92}},"branchMap":{"0":{"loc":{"start":{"line":34,"column":16},"end":{"line":34,"column":35}},"type":"default-arg","locations":[{"start":{"line":34,"column":33},"end":{"line":34,"column":35}}],"line":34},"1":{"loc":{"start":{"line":39,"column":25},"end":{"line":39,"column":42}},"type":"default-arg","locations":[{"start":{"line":39,"column":40},"end":{"line":39,"column":42}}],"line":39},"2":{"loc":{"start":{"line":83,"column":15},"end":{"line":83,"column":60}},"type":"cond-expr","locations":[{"start":{"line":83,"column":39},"end":{"line":83,"column":48}},{"start":{"line":83,"column":51},"end":{"line":83,"column":60}}],"line":83},"3":{"loc":{"start":{"line":83,"column":15},"end":{"line":83,"column":36}},"type":"binary-expr","locations":[{"start":{"line":83,"column":15},"end":{"line":83,"column":24}},{"start":{"line":83,"column":28},"end":{"line":83,"column":36}}],"line":83}},"s":{"0":1,"1":2,"2":2,"3":2,"4":2,"5":2,"6":2,"7":0,"8":2,"9":0,"10":0,"11":2,"12":1,"13":0,"14":2,"15":2,"16":0,"17":0,"18":0,"19":0,"20":2,"21":0},"f":{"0":2,"1":0,"2":0,"3":1,"4":0,"5":2,"6":0,"7":0,"8":0},"b":{"0":[2],"1":[2],"2":[0,2],"3":[2,2]},"_coverageSchema":"1a1c01bbd47fc00a2c39e90264f33305004495a9","hash":"4f234c736ef5095e38e9d6c0a427c3b45bc4e6ef"}
,"/home/joao/gostack/appgobarber/src/hooks/auth.tsx": {"path":"/home/joao/gostack/appgobarber/src/hooks/auth.tsx","statementMap":{"0":{"start":{"line":40,"column":27},"end":{"line":42,"column":1}},"1":{"start":{"line":44,"column":38},"end":{"line":107,"column":1}},"2":{"start":{"line":45,"column":26},"end":{"line":45,"column":62}},"3":{"start":{"line":46,"column":32},"end":{"line":46,"column":46}},"4":{"start":{"line":48,"column":2},"end":{"line":64,"column":9}},"5":{"start":{"line":50,"column":28},"end":{"line":53,"column":8}},"6":{"start":{"line":54,"column":6},"end":{"line":58,"column":7}},"7":{"start":{"line":55,"column":8},"end":{"line":55,"column":66}},"8":{"start":{"line":57,"column":8},"end":{"line":57,"column":64}},"9":{"start":{"line":60,"column":6},"end":{"line":60,"column":24}},"10":{"start":{"line":63,"column":4},"end":{"line":63,"column":22}},"11":{"start":{"line":66,"column":17},"end":{"line":82,"column":8}},"12":{"start":{"line":67,"column":21},"end":{"line":70,"column":6}},"13":{"start":{"line":72,"column":28},"end":{"line":72,"column":41}},"14":{"start":{"line":74,"column":4},"end":{"line":77,"column":7}},"15":{"start":{"line":79,"column":4},"end":{"line":79,"column":59}},"16":{"start":{"line":81,"column":4},"end":{"line":81,"column":29}},"17":{"start":{"line":84,"column":18},"end":{"line":88,"column":8}},"18":{"start":{"line":85,"column":4},"end":{"line":85,"column":74}},"19":{"start":{"line":87,"column":4},"end":{"line":87,"column":29}},"20":{"start":{"line":89,"column":21},"end":{"line":99,"column":3}},"21":{"start":{"line":91,"column":6},"end":{"line":91,"column":73}},"22":{"start":{"line":93,"column":6},"end":{"line":96,"column":9}},"23":{"start":{"line":100,"column":2},"end":{"line":106,"column":4}},"24":{"start":{"line":110,"column":18},"end":{"line":110,"column":41}},"25":{"start":{"line":112,"column":2},"end":{"line":114,"column":3}},"26":{"start":{"line":113,"column":4},"end":{"line":113,"column":68}},"27":{"start":{"line":116,"column":2},"end":{"line":116,"column":17}}},"fnMap":{"0":{"name":"(anonymous_0)","decl":{"start":{"line":44,"column":38},"end":{"line":44,"column":39}},"loc":{"start":{"line":44,"column":56},"end":{"line":107,"column":1}},"line":44},"1":{"name":"(anonymous_1)","decl":{"start":{"line":48,"column":12},"end":{"line":48,"column":13}},"loc":{"start":{"line":48,"column":18},"end":{"line":64,"column":3}},"line":48},"2":{"name":"loadStorageData","decl":{"start":{"line":49,"column":19},"end":{"line":49,"column":34}},"loc":{"start":{"line":49,"column":52},"end":{"line":61,"column":5}},"line":49},"3":{"name":"(anonymous_3)","decl":{"start":{"line":66,"column":29},"end":{"line":66,"column":30}},"loc":{"start":{"line":66,"column":60},"end":{"line":82,"column":3}},"line":66},"4":{"name":"(anonymous_4)","decl":{"start":{"line":84,"column":30},"end":{"line":84,"column":31}},"loc":{"start":{"line":84,"column":42},"end":{"line":88,"column":3}},"line":84},"5":{"name":"(anonymous_5)","decl":{"start":{"line":90,"column":4},"end":{"line":90,"column":5}},"loc":{"start":{"line":90,"column":26},"end":{"line":97,"column":5}},"line":90},"6":{"name":"useAuth","decl":{"start":{"line":109,"column":16},"end":{"line":109,"column":23}},"loc":{"start":{"line":109,"column":43},"end":{"line":117,"column":1}},"line":109}},"branchMap":{"0":{"loc":{"start":{"line":54,"column":6},"end":{"line":58,"column":7}},"type":"if","locations":[{"start":{"line":54,"column":6},"end":{"line":58,"column":7}},{"start":{"line":54,"column":6},"end":{"line":58,"column":7}}],"line":54},"1":{"loc":{"start":{"line":54,"column":10},"end":{"line":54,"column":29}},"type":"binary-expr","locations":[{"start":{"line":54,"column":10},"end":{"line":54,"column":18}},{"start":{"line":54,"column":22},"end":{"line":54,"column":29}}],"line":54},"2":{"loc":{"start":{"line":112,"column":2},"end":{"line":114,"column":3}},"type":"if","locations":[{"start":{"line":112,"column":2},"end":{"line":114,"column":3}},{"start":{"line":112,"column":2},"end":{"line":114,"column":3}}],"line":112}},"s":{"0":1,"1":1,"2":0,"3":0,"4":0,"5":0,"6":0,"7":0,"8":0,"9":0,"10":0,"11":0,"12":0,"13":0,"14":0,"15":0,"16":0,"17":0,"18":0,"19":0,"20":0,"21":0,"22":0,"23":0,"24":1,"25":1,"26":0,"27":1},"f":{"0":0,"1":0,"2":0,"3":0,"4":0,"5":0,"6":1},"b":{"0":[0,0],"1":[0,0],"2":[0,1]},"_coverageSchema":"1a1c01bbd47fc00a2c39e90264f33305004495a9","hash":"d9c6f516d36219a5d8bd465810769eca7bcc0478"}
,"/home/joao/gostack/appgobarber/src/pages/AppointmentCreated/index.tsx": {"path":"/home/joao/gostack/appgobarber/src/pages/AppointmentCreated/index.tsx","statementMap":{"0":{"start":{"line":19,"column":37},"end":{"line":51,"column":1}},"1":{"start":{"line":20,"column":20},"end":{"line":20,"column":35}},"2":{"start":{"line":21,"column":21},"end":{"line":21,"column":31}},"3":{"start":{"line":23,"column":22},"end":{"line":23,"column":43}},"4":{"start":{"line":25,"column":26},"end":{"line":30,"column":13}},"5":{"start":{"line":26,"column":4},"end":{"line":29,"column":7}},"6":{"start":{"line":32,"column":24},"end":{"line":38,"column":24}},"7":{"start":{"line":33,"column":4},"end":{"line":37,"column":6}},"8":{"start":{"line":39,"column":2},"end":{"line":50,"column":4}}},"fnMap":{"0":{"name":"(anonymous_0)","decl":{"start":{"line":19,"column":37},"end":{"line":19,"column":38}},"loc":{"start":{"line":19,"column":43},"end":{"line":51,"column":1}},"line":19},"1":{"name":"(anonymous_1)","decl":{"start":{"line":25,"column":38},"end":{"line":25,"column":39}},"loc":{"start":{"line":25,"column":44},"end":{"line":30,"column":3}},"line":25},"2":{"name":"(anonymous_2)","decl":{"start":{"line":32,"column":32},"end":{"line":32,"column":33}},"loc":{"start":{"line":32,"column":38},"end":{"line":38,"column":3}},"line":32}},"branchMap":{},"s":{"0":0,"1":0,"2":0,"3":0,"4":0,"5":0,"6":0,"7":0,"8":0},"f":{"0":0,"1":0,"2":0},"b":{}}
,"/home/joao/gostack/appgobarber/src/pages/CreateAppointment/index.tsx": {"path":"/home/joao/gostack/appgobarber/src/pages/CreateAppointment/index.tsx","statementMap":{"0":{"start":{"line":53,"column":36},"end":{"line":264,"column":1}},"1":{"start":{"line":54,"column":19},"end":{"line":54,"column":28}},"2":{"start":{"line":55,"column":31},"end":{"line":55,"column":46}},"3":{"start":{"line":56,"column":16},"end":{"line":56,"column":26}},"4":{"start":{"line":58,"column":22},"end":{"line":58,"column":49}},"5":{"start":{"line":60,"column":42},"end":{"line":60,"column":74}},"6":{"start":{"line":61,"column":46},"end":{"line":61,"column":61}},"7":{"start":{"line":62,"column":42},"end":{"line":62,"column":62}},"8":{"start":{"line":63,"column":42},"end":{"line":63,"column":53}},"9":{"start":{"line":64,"column":36},"end":{"line":64,"column":60}},"10":{"start":{"line":65,"column":50},"end":{"line":67,"column":3}},"11":{"start":{"line":69,"column":2},"end":{"line":73,"column":9}},"12":{"start":{"line":70,"column":4},"end":{"line":72,"column":7}},"13":{"start":{"line":71,"column":6},"end":{"line":71,"column":34}},"14":{"start":{"line":75,"column":2},"end":{"line":87,"column":39}},"15":{"start":{"line":76,"column":4},"end":{"line":86,"column":9}},"16":{"start":{"line":85,"column":8},"end":{"line":85,"column":39}},"17":{"start":{"line":89,"column":23},"end":{"line":91,"column":14}},"18":{"start":{"line":90,"column":4},"end":{"line":90,"column":13}},"19":{"start":{"line":93,"column":31},"end":{"line":95,"column":8}},"20":{"start":{"line":94,"column":4},"end":{"line":94,"column":36}},"21":{"start":{"line":97,"column":33},"end":{"line":99,"column":8}},"22":{"start":{"line":98,"column":4},"end":{"line":98,"column":39}},"23":{"start":{"line":98,"column":31},"end":{"line":98,"column":37}},"24":{"start":{"line":101,"column":28},"end":{"line":111,"column":3}},"25":{"start":{"line":103,"column":6},"end":{"line":105,"column":7}},"26":{"start":{"line":104,"column":8},"end":{"line":104,"column":33}},"27":{"start":{"line":106,"column":6},"end":{"line":108,"column":7}},"28":{"start":{"line":107,"column":8},"end":{"line":107,"column":30}},"29":{"start":{"line":113,"column":27},"end":{"line":115,"column":8}},"30":{"start":{"line":114,"column":4},"end":{"line":114,"column":26}},"31":{"start":{"line":117,"column":34},"end":{"line":135,"column":62}},"32":{"start":{"line":118,"column":4},"end":{"line":134,"column":5}},"33":{"start":{"line":119,"column":19},"end":{"line":119,"column":41}},"34":{"start":{"line":121,"column":6},"end":{"line":121,"column":34}},"35":{"start":{"line":122,"column":6},"end":{"line":122,"column":25}},"36":{"start":{"line":124,"column":6},"end":{"line":127,"column":9}},"37":{"start":{"line":128,"column":6},"end":{"line":128,"column":63}},"38":{"start":{"line":130,"column":6},"end":{"line":133,"column":8}},"39":{"start":{"line":137,"column":30},"end":{"line":147,"column":20}},"40":{"start":{"line":138,"column":4},"end":{"line":146,"column":9}},"41":{"start":{"line":139,"column":28},"end":{"line":139,"column":37}},"42":{"start":{"line":141,"column":8},"end":{"line":145,"column":10}},"43":{"start":{"line":149,"column":32},"end":{"line":159,"column":20}},"44":{"start":{"line":150,"column":4},"end":{"line":158,"column":9}},"45":{"start":{"line":151,"column":28},"end":{"line":151,"column":38}},"46":{"start":{"line":153,"column":8},"end":{"line":157,"column":10}},"47":{"start":{"line":161,"column":2},"end":{"line":263,"column":4}},"48":{"start":{"line":178,"column":38},"end":{"line":178,"column":49}},"49":{"start":{"line":180,"column":14},"end":{"line":188,"column":34}},"50":{"start":{"line":181,"column":31},"end":{"line":181,"column":64}},"51":{"start":{"line":221,"column":16},"end":{"line":231,"column":23}},"52":{"start":{"line":226,"column":33},"end":{"line":226,"column":55}},"53":{"start":{"line":241,"column":18},"end":{"line":251,"column":25}},"54":{"start":{"line":246,"column":35},"end":{"line":246,"column":57}}},"fnMap":{"0":{"name":"(anonymous_0)","decl":{"start":{"line":53,"column":36},"end":{"line":53,"column":37}},"loc":{"start":{"line":53,"column":42},"end":{"line":264,"column":1}},"line":53},"1":{"name":"(anonymous_1)","decl":{"start":{"line":69,"column":12},"end":{"line":69,"column":13}},"loc":{"start":{"line":69,"column":18},"end":{"line":73,"column":3}},"line":69},"2":{"name":"(anonymous_2)","decl":{"start":{"line":70,"column":30},"end":{"line":70,"column":31}},"loc":{"start":{"line":70,"column":42},"end":{"line":72,"column":5}},"line":70},"3":{"name":"(anonymous_3)","decl":{"start":{"line":75,"column":12},"end":{"line":75,"column":13}},"loc":{"start":{"line":75,"column":18},"end":{"line":87,"column":3}},"line":75},"4":{"name":"(anonymous_4)","decl":{"start":{"line":84,"column":12},"end":{"line":84,"column":13}},"loc":{"start":{"line":84,"column":24},"end":{"line":86,"column":7}},"line":84},"5":{"name":"(anonymous_5)","decl":{"start":{"line":89,"column":35},"end":{"line":89,"column":36}},"loc":{"start":{"line":89,"column":41},"end":{"line":91,"column":3}},"line":89},"6":{"name":"(anonymous_6)","decl":{"start":{"line":93,"column":43},"end":{"line":93,"column":44}},"loc":{"start":{"line":93,"column":67},"end":{"line":95,"column":3}},"line":93},"7":{"name":"(anonymous_7)","decl":{"start":{"line":97,"column":45},"end":{"line":97,"column":46}},"loc":{"start":{"line":97,"column":51},"end":{"line":99,"column":3}},"line":97},"8":{"name":"(anonymous_8)","decl":{"start":{"line":98,"column":22},"end":{"line":98,"column":23}},"loc":{"start":{"line":98,"column":31},"end":{"line":98,"column":37}},"line":98},"9":{"name":"(anonymous_9)","decl":{"start":{"line":102,"column":4},"end":{"line":102,"column":5}},"loc":{"start":{"line":102,"column":44},"end":{"line":109,"column":5}},"line":102},"10":{"name":"(anonymous_10)","decl":{"start":{"line":113,"column":39},"end":{"line":113,"column":40}},"loc":{"start":{"line":113,"column":57},"end":{"line":115,"column":3}},"line":113},"11":{"name":"(anonymous_11)","decl":{"start":{"line":117,"column":46},"end":{"line":117,"column":47}},"loc":{"start":{"line":117,"column":58},"end":{"line":135,"column":3}},"line":117},"12":{"name":"(anonymous_12)","decl":{"start":{"line":137,"column":38},"end":{"line":137,"column":39}},"loc":{"start":{"line":137,"column":44},"end":{"line":147,"column":3}},"line":137},"13":{"name":"(anonymous_13)","decl":{"start":{"line":139,"column":14},"end":{"line":139,"column":15}},"loc":{"start":{"line":139,"column":28},"end":{"line":139,"column":37}},"line":139},"14":{"name":"(anonymous_14)","decl":{"start":{"line":140,"column":11},"end":{"line":140,"column":12}},"loc":{"start":{"line":140,"column":36},"end":{"line":146,"column":7}},"line":140},"15":{"name":"(anonymous_15)","decl":{"start":{"line":149,"column":40},"end":{"line":149,"column":41}},"loc":{"start":{"line":149,"column":46},"end":{"line":159,"column":3}},"line":149},"16":{"name":"(anonymous_16)","decl":{"start":{"line":151,"column":14},"end":{"line":151,"column":15}},"loc":{"start":{"line":151,"column":28},"end":{"line":151,"column":38}},"line":151},"17":{"name":"(anonymous_17)","decl":{"start":{"line":152,"column":11},"end":{"line":152,"column":12}},"loc":{"start":{"line":152,"column":36},"end":{"line":158,"column":7}},"line":152},"18":{"name":"(anonymous_18)","decl":{"start":{"line":178,"column":26},"end":{"line":178,"column":27}},"loc":{"start":{"line":178,"column":38},"end":{"line":178,"column":49}},"line":178},"19":{"name":"(anonymous_19)","decl":{"start":{"line":179,"column":24},"end":{"line":179,"column":25}},"loc":{"start":{"line":180,"column":14},"end":{"line":188,"column":34}},"line":180},"20":{"name":"(anonymous_20)","decl":{"start":{"line":181,"column":25},"end":{"line":181,"column":26}},"loc":{"start":{"line":181,"column":31},"end":{"line":181,"column":64}},"line":181},"21":{"name":"(anonymous_21)","decl":{"start":{"line":220,"column":39},"end":{"line":220,"column":40}},"loc":{"start":{"line":221,"column":16},"end":{"line":231,"column":23}},"line":221},"22":{"name":"(anonymous_22)","decl":{"start":{"line":226,"column":27},"end":{"line":226,"column":28}},"loc":{"start":{"line":226,"column":33},"end":{"line":226,"column":55}},"line":226},"23":{"name":"(anonymous_23)","decl":{"start":{"line":240,"column":16},"end":{"line":240,"column":17}},"loc":{"start":{"line":241,"column":18},"end":{"line":251,"column":25}},"line":241},"24":{"name":"(anonymous_24)","decl":{"start":{"line":246,"column":29},"end":{"line":246,"column":30}},"loc":{"start":{"line":246,"column":35},"end":{"line":246,"column":57}},"line":246}},"branchMap":{"0":{"loc":{"start":{"line":103,"column":6},"end":{"line":105,"column":7}},"type":"if","locations":[{"start":{"line":103,"column":6},"end":{"line":105,"column":7}},{"start":{"line":103,"column":6},"end":{"line":105,"column":7}}],"line":103},"1":{"loc":{"start":{"line":106,"column":6},"end":{"line":108,"column":7}},"type":"if","locations":[{"start":{"line":106,"column":6},"end":{"line":108,"column":7}},{"start":{"line":106,"column":6},"end":{"line":108,"column":7}}],"line":106},"2":{"loc":{"start":{"line":202,"column":11},"end":{"line":210,"column":11}},"type":"binary-expr","locations":[{"start":{"line":202,"column":11},"end":{"line":202,"column":25}},{"start":{"line":203,"column":12},"end":{"line":209,"column":14}}],"line":202}},"s":{"0":0,"1":0,"2":0,"3":0,"4":0,"5":0,"6":0,"7":0,"8":0,"9":0,"10":0,"11":0,"12":0,"13":0,"14":0,"15":0,"16":0,"17":0,"18":0,"19":0,"20":0,"21":0,"22":0,"23":0,"24":0,"25":0,"26":0,"27":0,"28":0,"29":0,"30":0,"31":0,"32":0,"33":0,"34":0,"35":0,"36":0,"37":0,"38":0,"39":0,"40":0,"41":0,"42":0,"43":0,"44":0,"45":0,"46":0,"47":0,"48":0,"49":0,"50":0,"51":0,"52":0,"53":0,"54":0},"f":{"0":0,"1":0,"2":0,"3":0,"4":0,"5":0,"6":0,"7":0,"8":0,"9":0,"10":0,"11":0,"12":0,"13":0,"14":0,"15":0,"16":0,"17":0,"18":0,"19":0,"20":0,"21":0,"22":0,"23":0,"24":0},"b":{"0":[0,0],"1":[0,0],"2":[0,0]}}
,"/home/joao/gostack/appgobarber/src/pages/Dashboard/index.tsx": {"path":"/home/joao/gostack/appgobarber/src/pages/Dashboard/index.tsx","statementMap":{"0":{"start":{"line":32,"column":28},"end":{"line":97,"column":1}},"1":{"start":{"line":33,"column":36},"end":{"line":33,"column":60}},"2":{"start":{"line":34,"column":28},"end":{"line":34,"column":37}},"3":{"start":{"line":35,"column":23},"end":{"line":35,"column":38}},"4":{"start":{"line":37,"column":2},"end":{"line":41,"column":9}},"5":{"start":{"line":38,"column":4},"end":{"line":40,"column":7}},"6":{"start":{"line":39,"column":6},"end":{"line":39,"column":34}},"7":{"start":{"line":43,"column":28},"end":{"line":45,"column":16}},"8":{"start":{"line":44,"column":4},"end":{"line":44,"column":24}},"9":{"start":{"line":47,"column":38},"end":{"line":52,"column":3}},"10":{"start":{"line":49,"column":6},"end":{"line":49,"column":52}},"11":{"start":{"line":54,"column":2},"end":{"line":96,"column":4}},"12":{"start":{"line":69,"column":34},"end":{"line":69,"column":45}},"13":{"start":{"line":74,"column":10},"end":{"line":92,"column":30}},"14":{"start":{"line":75,"column":27},"end":{"line":75,"column":67}}},"fnMap":{"0":{"name":"(anonymous_0)","decl":{"start":{"line":32,"column":28},"end":{"line":32,"column":29}},"loc":{"start":{"line":32,"column":34},"end":{"line":97,"column":1}},"line":32},"1":{"name":"(anonymous_1)","decl":{"start":{"line":37,"column":12},"end":{"line":37,"column":13}},"loc":{"start":{"line":37,"column":18},"end":{"line":41,"column":3}},"line":37},"2":{"name":"(anonymous_2)","decl":{"start":{"line":38,"column":30},"end":{"line":38,"column":31}},"loc":{"start":{"line":38,"column":42},"end":{"line":40,"column":5}},"line":38},"3":{"name":"(anonymous_3)","decl":{"start":{"line":43,"column":40},"end":{"line":43,"column":41}},"loc":{"start":{"line":43,"column":46},"end":{"line":45,"column":3}},"line":43},"4":{"name":"(anonymous_4)","decl":{"start":{"line":48,"column":4},"end":{"line":48,"column":5}},"loc":{"start":{"line":48,"column":28},"end":{"line":50,"column":5}},"line":48},"5":{"name":"(anonymous_5)","decl":{"start":{"line":69,"column":22},"end":{"line":69,"column":23}},"loc":{"start":{"line":69,"column":34},"end":{"line":69,"column":45}},"line":69},"6":{"name":"(anonymous_6)","decl":{"start":{"line":73,"column":20},"end":{"line":73,"column":21}},"loc":{"start":{"line":74,"column":10},"end":{"line":92,"column":30}},"line":74},"7":{"name":"(anonymous_7)","decl":{"start":{"line":75,"column":21},"end":{"line":75,"column":22}},"loc":{"start":{"line":75,"column":27},"end":{"line":75,"column":67}},"line":75}},"branchMap":{},"s":{"0":0,"1":0,"2":0,"3":0,"4":0,"5":0,"6":0,"7":0,"8":0,"9":0,"10":0,"11":0,"12":0,"13":0,"14":0},"f":{"0":0,"1":0,"2":0,"3":0,"4":0,"5":0,"6":0,"7":0},"b":{}}
,"/home/joao/gostack/appgobarber/src/pages/Profile/index.tsx": {"path":"/home/joao/gostack/appgobarber/src/pages/Profile/index.tsx","statementMap":{"0":{"start":{"line":36,"column":26},"end":{"line":240,"column":1}},"1":{"start":{"line":37,"column":31},"end":{"line":37,"column":40}},"2":{"start":{"line":38,"column":18},"end":{"line":38,"column":43}},"3":{"start":{"line":40,"column":21},"end":{"line":40,"column":36}},"4":{"start":{"line":42,"column":24},"end":{"line":42,"column":47}},"5":{"start":{"line":43,"column":30},"end":{"line":43,"column":53}},"6":{"start":{"line":44,"column":27},"end":{"line":44,"column":50}},"7":{"start":{"line":45,"column":34},"end":{"line":45,"column":57}},"8":{"start":{"line":47,"column":23},"end":{"line":113,"column":3}},"9":{"start":{"line":49,"column":6},"end":{"line":110,"column":7}},"10":{"start":{"line":50,"column":8},"end":{"line":50,"column":39}},"11":{"start":{"line":51,"column":23},"end":{"line":73,"column":10}},"12":{"start":{"line":58,"column":23},"end":{"line":58,"column":35}},"13":{"start":{"line":65,"column":25},"end":{"line":65,"column":37}},"14":{"start":{"line":75,"column":8},"end":{"line":77,"column":11}},"15":{"start":{"line":79,"column":25},"end":{"line":89,"column":9}},"16":{"start":{"line":91,"column":25},"end":{"line":91,"column":60}},"17":{"start":{"line":93,"column":8},"end":{"line":93,"column":34}},"18":{"start":{"line":95,"column":8},"end":{"line":95,"column":54}},"19":{"start":{"line":97,"column":8},"end":{"line":97,"column":28}},"20":{"start":{"line":99,"column":8},"end":{"line":104,"column":9}},"21":{"start":{"line":100,"column":25},"end":{"line":100,"column":48}},"22":{"start":{"line":101,"column":10},"end":{"line":101,"column":45}},"23":{"start":{"line":103,"column":10},"end":{"line":103,"column":17}},"24":{"start":{"line":106,"column":8},"end":{"line":109,"column":10}},"25":{"start":{"line":115,"column":29},"end":{"line":146,"column":27}},"26":{"start":{"line":116,"column":4},"end":{"line":145,"column":6}},"27":{"start":{"line":124,"column":8},"end":{"line":126,"column":9}},"28":{"start":{"line":125,"column":10},"end":{"line":125,"column":17}},"29":{"start":{"line":128,"column":8},"end":{"line":131,"column":9}},"30":{"start":{"line":129,"column":10},"end":{"line":129,"column":54}},"31":{"start":{"line":130,"column":10},"end":{"line":130,"column":17}},"32":{"start":{"line":133,"column":21},"end":{"line":133,"column":35}},"33":{"start":{"line":135,"column":8},"end":{"line":139,"column":11}},"34":{"start":{"line":141,"column":8},"end":{"line":143,"column":11}},"35":{"start":{"line":142,"column":10},"end":{"line":142,"column":39}},"36":{"start":{"line":148,"column":23},"end":{"line":150,"column":18}},"37":{"start":{"line":149,"column":4},"end":{"line":149,"column":24}},"38":{"start":{"line":152,"column":2},"end":{"line":239,"column":4}},"39":{"start":{"line":178,"column":16},"end":{"line":178,"column":47}},"40":{"start":{"line":192,"column":16},"end":{"line":192,"column":53}},"41":{"start":{"line":205,"column":16},"end":{"line":205,"column":50}},"42":{"start":{"line":217,"column":16},"end":{"line":217,"column":57}},"43":{"start":{"line":229,"column":16},"end":{"line":229,"column":46}},"44":{"start":{"line":233,"column":33},"end":{"line":233,"column":62}}},"fnMap":{"0":{"name":"(anonymous_0)","decl":{"start":{"line":36,"column":26},"end":{"line":36,"column":27}},"loc":{"start":{"line":36,"column":32},"end":{"line":240,"column":1}},"line":36},"1":{"name":"(anonymous_1)","decl":{"start":{"line":48,"column":4},"end":{"line":48,"column":5}},"loc":{"start":{"line":48,"column":37},"end":{"line":111,"column":5}},"line":48},"2":{"name":"(anonymous_2)","decl":{"start":{"line":58,"column":16},"end":{"line":58,"column":17}},"loc":{"start":{"line":58,"column":23},"end":{"line":58,"column":35}},"line":58},"3":{"name":"(anonymous_3)","decl":{"start":{"line":65,"column":18},"end":{"line":65,"column":19}},"loc":{"start":{"line":65,"column":25},"end":{"line":65,"column":37}},"line":65},"4":{"name":"(anonymous_4)","decl":{"start":{"line":115,"column":41},"end":{"line":115,"column":42}},"loc":{"start":{"line":115,"column":47},"end":{"line":146,"column":3}},"line":115},"5":{"name":"(anonymous_5)","decl":{"start":{"line":123,"column":6},"end":{"line":123,"column":7}},"loc":{"start":{"line":123,"column":18},"end":{"line":144,"column":7}},"line":123},"6":{"name":"(anonymous_6)","decl":{"start":{"line":141,"column":45},"end":{"line":141,"column":46}},"loc":{"start":{"line":141,"column":60},"end":{"line":143,"column":9}},"line":141},"7":{"name":"(anonymous_7)","decl":{"start":{"line":148,"column":35},"end":{"line":148,"column":36}},"loc":{"start":{"line":148,"column":41},"end":{"line":150,"column":3}},"line":148},"8":{"name":"(anonymous_8)","decl":{"start":{"line":177,"column":31},"end":{"line":177,"column":32}},"loc":{"start":{"line":177,"column":37},"end":{"line":179,"column":15}},"line":177},"9":{"name":"(anonymous_9)","decl":{"start":{"line":191,"column":31},"end":{"line":191,"column":32}},"loc":{"start":{"line":191,"column":37},"end":{"line":193,"column":15}},"line":191},"10":{"name":"(anonymous_10)","decl":{"start":{"line":204,"column":31},"end":{"line":204,"column":32}},"loc":{"start":{"line":204,"column":37},"end":{"line":206,"column":15}},"line":204},"11":{"name":"(anonymous_11)","decl":{"start":{"line":216,"column":31},"end":{"line":216,"column":32}},"loc":{"start":{"line":216,"column":37},"end":{"line":218,"column":15}},"line":216},"12":{"name":"(anonymous_12)","decl":{"start":{"line":228,"column":31},"end":{"line":228,"column":32}},"loc":{"start":{"line":228,"column":37},"end":{"line":230,"column":15}},"line":228},"13":{"name":"(anonymous_13)","decl":{"start":{"line":233,"column":27},"end":{"line":233,"column":28}},"loc":{"start":{"line":233,"column":33},"end":{"line":233,"column":62}},"line":233}},"branchMap":{"0":{"loc":{"start":{"line":82,"column":14},"end":{"line":88,"column":16}},"type":"cond-expr","locations":[{"start":{"line":83,"column":14},"end":{"line":87,"column":15}},{"start":{"line":88,"column":14},"end":{"line":88,"column":16}}],"line":82},"1":{"loc":{"start":{"line":99,"column":8},"end":{"line":104,"column":9}},"type":"if","locations":[{"start":{"line":99,"column":8},"end":{"line":104,"column":9}},{"start":{"line":99,"column":8},"end":{"line":104,"column":9}}],"line":99},"2":{"loc":{"start":{"line":124,"column":8},"end":{"line":126,"column":9}},"type":"if","locations":[{"start":{"line":124,"column":8},"end":{"line":126,"column":9}},{"start":{"line":124,"column":8},"end":{"line":126,"column":9}}],"line":124},"3":{"loc":{"start":{"line":128,"column":8},"end":{"line":131,"column":9}},"type":"if","locations":[{"start":{"line":128,"column":8},"end":{"line":131,"column":9}},{"start":{"line":128,"column":8},"end":{"line":131,"column":9}}],"line":128}},"s":{"0":0,"1":0,"2":0,"3":0,"4":0,"5":0,"6":0,"7":0,"8":0,"9":0,"10":0,"11":0,"12":0,"13":0,"14":0,"15":0,"16":0,"17":0,"18":0,"19":0,"20":0,"21":0,"22":0,"23":0,"24":0,"25":0,"26":0,"27":0,"28":0,"29":0,"30":0,"31":0,"32":0,"33":0,"34":0,"35":0,"36":0,"37":0,"38":0,"39":0,"40":0,"41":0,"42":0,"43":0,"44":0},"f":{"0":0,"1":0,"2":0,"3":0,"4":0,"5":0,"6":0,"7":0,"8":0,"9":0,"10":0,"11":0,"12":0,"13":0},"b":{"0":[0,0],"1":[0,0],"2":[0,0],"3":[0,0]}}
,"/home/joao/gostack/appgobarber/src/pages/SignIn/index.tsx": {"path":"/home/joao/gostack/appgobarber/src/pages/SignIn/index.tsx","statementMap":{"0":{"start":{"line":33,"column":25},"end":{"line":136,"column":1}},"1":{"start":{"line":34,"column":18},"end":{"line":34,"column":43}},"2":{"start":{"line":35,"column":27},"end":{"line":35,"column":50}},"3":{"start":{"line":37,"column":21},"end":{"line":37,"column":36}},"4":{"start":{"line":39,"column":21},"end":{"line":39,"column":30}},"5":{"start":{"line":41,"column":2},"end":{"line":41,"column":33}},"6":{"start":{"line":43,"column":23},"end":{"line":76,"column":3}},"7":{"start":{"line":45,"column":6},"end":{"line":73,"column":7}},"8":{"start":{"line":46,"column":8},"end":{"line":46,"column":39}},"9":{"start":{"line":48,"column":23},"end":{"line":53,"column":10}},"10":{"start":{"line":54,"column":8},"end":{"line":56,"column":11}},"11":{"start":{"line":57,"column":8},"end":{"line":60,"column":11}},"12":{"start":{"line":62,"column":8},"end":{"line":67,"column":9}},"13":{"start":{"line":63,"column":25},"end":{"line":63,"column":48}},"14":{"start":{"line":64,"column":10},"end":{"line":64,"column":45}},"15":{"start":{"line":66,"column":10},"end":{"line":66,"column":17}},"16":{"start":{"line":69,"column":8},"end":{"line":72,"column":10}},"17":{"start":{"line":78,"column":2},"end":{"line":135,"column":4}},"18":{"start":{"line":100,"column":16},"end":{"line":100,"column":50}},"19":{"start":{"line":112,"column":16},"end":{"line":112,"column":46}},"20":{"start":{"line":118,"column":14},"end":{"line":118,"column":44}},"21":{"start":{"line":130,"column":42},"end":{"line":130,"column":71}}},"fnMap":{"0":{"name":"(anonymous_0)","decl":{"start":{"line":33,"column":25},"end":{"line":33,"column":26}},"loc":{"start":{"line":33,"column":31},"end":{"line":136,"column":1}},"line":33},"1":{"name":"(anonymous_1)","decl":{"start":{"line":44,"column":4},"end":{"line":44,"column":5}},"loc":{"start":{"line":44,"column":36},"end":{"line":74,"column":5}},"line":44},"2":{"name":"(anonymous_2)","decl":{"start":{"line":99,"column":31},"end":{"line":99,"column":32}},"loc":{"start":{"line":99,"column":37},"end":{"line":101,"column":15}},"line":99},"3":{"name":"(anonymous_3)","decl":{"start":{"line":111,"column":31},"end":{"line":111,"column":32}},"loc":{"start":{"line":111,"column":37},"end":{"line":113,"column":15}},"line":111},"4":{"name":"(anonymous_4)","decl":{"start":{"line":117,"column":21},"end":{"line":117,"column":22}},"loc":{"start":{"line":117,"column":27},"end":{"line":119,"column":13}},"line":117},"5":{"name":"(anonymous_5)","decl":{"start":{"line":124,"column":35},"end":{"line":124,"column":36}},"loc":{"start":{"line":124,"column":41},"end":{"line":124,"column":43}},"line":124},"6":{"name":"(anonymous_6)","decl":{"start":{"line":130,"column":36},"end":{"line":130,"column":37}},"loc":{"start":{"line":130,"column":42},"end":{"line":130,"column":71}},"line":130}},"branchMap":{"0":{"loc":{"start":{"line":62,"column":8},"end":{"line":67,"column":9}},"type":"if","locations":[{"start":{"line":62,"column":8},"end":{"line":67,"column":9}},{"start":{"line":62,"column":8},"end":{"line":67,"column":9}}],"line":62}},"s":{"0":1,"1":1,"2":1,"3":1,"4":1,"5":1,"6":1,"7":0,"8":0,"9":0,"10":0,"11":0,"12":0,"13":0,"14":0,"15":0,"16":0,"17":1,"18":0,"19":0,"20":0,"21":0},"f":{"0":1,"1":0,"2":0,"3":0,"4":0,"5":0,"6":0},"b":{"0":[0,0]},"_coverageSchema":"1a1c01bbd47fc00a2c39e90264f33305004495a9","hash":"3cde9577cf1f1e0f01f4c2449f83c6c947602eb6"}
,"/home/joao/gostack/appgobarber/src/pages/SignUp/index.tsx": {"path":"/home/joao/gostack/appgobarber/src/pages/SignUp/index.tsx","statementMap":{"0":{"start":{"line":26,"column":25},"end":{"line":134,"column":1}},"1":{"start":{"line":27,"column":18},"end":{"line":27,"column":43}},"2":{"start":{"line":29,"column":21},"end":{"line":29,"column":36}},"3":{"start":{"line":31,"column":24},"end":{"line":31,"column":47}},"4":{"start":{"line":32,"column":27},"end":{"line":32,"column":50}},"5":{"start":{"line":34,"column":23},"end":{"line":72,"column":3}},"6":{"start":{"line":36,"column":6},"end":{"line":69,"column":7}},"7":{"start":{"line":37,"column":8},"end":{"line":37,"column":39}},"8":{"start":{"line":39,"column":23},"end":{"line":45,"column":10}},"9":{"start":{"line":46,"column":8},"end":{"line":48,"column":11}},"10":{"start":{"line":49,"column":8},"end":{"line":49,"column":39}},"11":{"start":{"line":51,"column":8},"end":{"line":54,"column":10}},"12":{"start":{"line":56,"column":8},"end":{"line":56,"column":28}},"13":{"start":{"line":58,"column":8},"end":{"line":63,"column":9}},"14":{"start":{"line":59,"column":25},"end":{"line":59,"column":48}},"15":{"start":{"line":60,"column":10},"end":{"line":60,"column":45}},"16":{"start":{"line":62,"column":10},"end":{"line":62,"column":17}},"17":{"start":{"line":65,"column":8},"end":{"line":68,"column":10}},"18":{"start":{"line":74,"column":2},"end":{"line":133,"column":4}},"19":{"start":{"line":94,"column":16},"end":{"line":94,"column":47}},"20":{"start":{"line":108,"column":16},"end":{"line":108,"column":50}},"21":{"start":{"line":120,"column":16},"end":{"line":120,"column":46}},"22":{"start":{"line":124,"column":33},"end":{"line":124,"column":62}},"23":{"start":{"line":128,"column":35},"end":{"line":128,"column":54}}},"fnMap":{"0":{"name":"(anonymous_0)","decl":{"start":{"line":26,"column":25},"end":{"line":26,"column":26}},"loc":{"start":{"line":26,"column":31},"end":{"line":134,"column":1}},"line":26},"1":{"name":"(anonymous_1)","decl":{"start":{"line":35,"column":4},"end":{"line":35,"column":5}},"loc":{"start":{"line":35,"column":36},"end":{"line":70,"column":5}},"line":35},"2":{"name":"(anonymous_2)","decl":{"start":{"line":93,"column":31},"end":{"line":93,"column":32}},"loc":{"start":{"line":93,"column":37},"end":{"line":95,"column":15}},"line":93},"3":{"name":"(anonymous_3)","decl":{"start":{"line":107,"column":31},"end":{"line":107,"column":32}},"loc":{"start":{"line":107,"column":37},"end":{"line":109,"column":15}},"line":107},"4":{"name":"(anonymous_4)","decl":{"start":{"line":119,"column":31},"end":{"line":119,"column":32}},"loc":{"start":{"line":119,"column":37},"end":{"line":121,"column":15}},"line":119},"5":{"name":"(anonymous_5)","decl":{"start":{"line":124,"column":27},"end":{"line":124,"column":28}},"loc":{"start":{"line":124,"column":33},"end":{"line":124,"column":62}},"line":124},"6":{"name":"(anonymous_6)","decl":{"start":{"line":128,"column":29},"end":{"line":128,"column":30}},"loc":{"start":{"line":128,"column":35},"end":{"line":128,"column":54}},"line":128}},"branchMap":{"0":{"loc":{"start":{"line":58,"column":8},"end":{"line":63,"column":9}},"type":"if","locations":[{"start":{"line":58,"column":8},"end":{"line":63,"column":9}},{"start":{"line":58,"column":8},"end":{"line":63,"column":9}}],"line":58}},"s":{"0":0,"1":0,"2":0,"3":0,"4":0,"5":0,"6":0,"7":0,"8":0,"9":0,"10":0,"11":0,"12":0,"13":0,"14":0,"15":0,"16":0,"17":0,"18":0,"19":0,"20":0,"21":0,"22":0,"23":0},"f":{"0":0,"1":0,"2":0,"3":0,"4":0,"5":0,"6":0},"b":{"0":[0,0]}}
}
